0 info it worked if it ends with ok
1 verbose cli [ 'node', '/usr/bin/npm', 'install', '-g', 'protractor' ]
2 info using npm@2.13.1
3 info using node@v0.10.38
4 verbose node symlink /usr/bin/node
5 verbose install initial load of /usr/lib/package.json
6 verbose readDependencies loading dependencies from /usr/lib/package.json
7 silly cache add args [ 'protractor', null ]
8 verbose cache add spec protractor
9 silly cache add parsed spec { raw: 'protractor',
9 silly cache add   scope: null,
9 silly cache add   name: 'protractor',
9 silly cache add   rawSpec: '',
9 silly cache add   spec: '*',
9 silly cache add   type: 'range' }
10 silly addNamed protractor@*
11 verbose addNamed "*" is a valid semver range for protractor
12 silly addNameRange { name: 'protractor', range: '*', hasData: false }
13 silly mapToRegistry name protractor
14 silly mapToRegistry using default registry
15 silly mapToRegistry registry http://registry.npmjs.org/
16 silly mapToRegistry uri http://registry.npmjs.org/protractor
17 verbose addNameRange registry:http://registry.npmjs.org/protractor not in flight; fetching
18 verbose request uri http://registry.npmjs.org/protractor
19 verbose request no auth needed
20 info attempt registry request try #1 at 17:57:38
21 verbose request id 05e6405341ad0fde
22 verbose etag "CLL5LUQETVU9JGUUT4ER8A769"
23 http request GET http://registry.npmjs.org/protractor
24 info retry will retry, error on last attempt: Error: getaddrinfo ENOTFOUND
25 info attempt registry request try #2 at 17:57:48
26 verbose etag "CLL5LUQETVU9JGUUT4ER8A769"
27 http request GET http://registry.npmjs.org/protractor
28 info retry will retry, error on last attempt: Error: getaddrinfo ENOTFOUND
29 info attempt registry request try #3 at 17:58:48
30 verbose etag "CLL5LUQETVU9JGUUT4ER8A769"
31 http request GET http://registry.npmjs.org/protractor
32 silly get cb [ 304, undefined ]
33 verbose etag http://registry.npmjs.org/protractor from cache
34 verbose get saving protractor to /home/vivian/.npm/registry.npmjs.org/protractor/.cache.json
35 silly addNameRange number 2 { name: 'protractor', range: '*', hasData: true }
36 silly addNameRange versions [ 'protractor',
36 silly addNameRange   [ '0.1.0',
36 silly addNameRange     '0.1.1',
36 silly addNameRange     '0.1.2',
36 silly addNameRange     '0.1.3',
36 silly addNameRange     '0.2.0',
36 silly addNameRange     '0.2.1',
36 silly addNameRange     '0.3.0',
36 silly addNameRange     '0.4.0',
36 silly addNameRange     '0.4.1',
36 silly addNameRange     '0.5.0',
36 silly addNameRange     '0.6.1',
36 silly addNameRange     '0.7.0',
36 silly addNameRange     '0.8.0',
36 silly addNameRange     '0.9.0',
36 silly addNameRange     '0.10.0',
36 silly addNameRange     '0.11.0',
36 silly addNameRange     '0.12.0',
36 silly addNameRange     '0.12.1',
36 silly addNameRange     '0.13.0',
36 silly addNameRange     '0.14.0',
36 silly addNameRange     '0.15.0',
36 silly addNameRange     '0.16.0',
36 silly addNameRange     '0.16.1',
36 silly addNameRange     '0.17.0',
36 silly addNameRange     '0.18.0',
36 silly addNameRange     '0.18.1',
36 silly addNameRange     '0.19.0',
36 silly addNameRange     '0.20.0',
36 silly addNameRange     '0.20.1',
36 silly addNameRange     '0.21.0',
36 silly addNameRange     '0.22.0',
36 silly addNameRange     '0.23.0',
36 silly addNameRange     '0.23.1',
36 silly addNameRange     '0.24.0',
36 silly addNameRange     '0.24.1',
36 silly addNameRange     '0.24.2',
36 silly addNameRange     '1.0.0-rc1',
36 silly addNameRange     '1.0.0-rc2',
36 silly addNameRange     '1.0.0-rc3',
36 silly addNameRange     '1.0.0-rc4',
36 silly addNameRange     '1.0.0-rc5',
36 silly addNameRange     '1.0.0-rc6',
36 silly addNameRange     '1.0.0',
36 silly addNameRange     '1.1.0',
36 silly addNameRange     '1.1.1',
36 silly addNameRange     '1.2.0-beta1',
36 silly addNameRange     '1.2.0',
36 silly addNameRange     '1.3.0',
36 silly addNameRange     '1.3.1',
36 silly addNameRange     '1.4.0',
36 silly addNameRange     '1.5.0',
36 silly addNameRange     '1.6.0',
36 silly addNameRange     '1.6.1',
36 silly addNameRange     '1.7.0',
36 silly addNameRange     '1.8.0',
36 silly addNameRange     '2.0.0',
36 silly addNameRange     '2.1.0' ] ]
37 silly addNamed protractor@2.1.0
38 verbose addNamed "2.1.0" is a plain semver version for protractor
39 silly mapToRegistry name protractor
40 silly mapToRegistry using default registry
41 silly mapToRegistry registry http://registry.npmjs.org/
42 silly mapToRegistry uri http://registry.npmjs.org/protractor
43 verbose addRemoteTarball http://registry.npmjs.org/protractor/-/protractor-2.1.0.tgz not in flight; adding
44 verbose addRemoteTarball [ 'http://registry.npmjs.org/protractor/-/protractor-2.1.0.tgz',
44 verbose addRemoteTarball   'f876ac7604826eaeda39b5e49b5fb7f487067c3f' ]
45 info retry fetch attempt 1 at 17:58:53
46 info attempt registry request try #1 at 17:58:53
47 http fetch GET http://registry.npmjs.org/protractor/-/protractor-2.1.0.tgz
48 info retry will retry, error on last attempt: Error: getaddrinfo ENOTFOUND
49 info attempt registry request try #2 at 17:59:03
50 http fetch GET http://registry.npmjs.org/protractor/-/protractor-2.1.0.tgz
51 info retry will retry, error on last attempt: Error: getaddrinfo ENOTFOUND
52 info attempt registry request try #3 at 18:00:03
53 http fetch GET http://registry.npmjs.org/protractor/-/protractor-2.1.0.tgz
54 error fetch failed http://registry.npmjs.org/protractor/-/protractor-2.1.0.tgz
55 warn retry will retry, error on last attempt: Error: getaddrinfo ENOTFOUND
56 info retry fetch attempt 2 at 18:00:14
57 info attempt registry request try #1 at 18:00:14
58 http fetch GET http://registry.npmjs.org/protractor/-/protractor-2.1.0.tgz
59 info retry will retry, error on last attempt: Error: getaddrinfo ENOTFOUND
60 info attempt registry request try #2 at 18:00:29
61 http fetch GET http://registry.npmjs.org/protractor/-/protractor-2.1.0.tgz
62 info retry will retry, error on last attempt: Error: getaddrinfo ENOTFOUND
63 info attempt registry request try #3 at 18:01:31
64 http fetch GET http://registry.npmjs.org/protractor/-/protractor-2.1.0.tgz
65 error fetch failed http://registry.npmjs.org/protractor/-/protractor-2.1.0.tgz
66 warn retry will retry, error on last attempt: Error: getaddrinfo ENOTFOUND
67 info retry fetch attempt 3 at 18:02:31
68 info attempt registry request try #1 at 18:02:31
69 http fetch GET http://registry.npmjs.org/protractor/-/protractor-2.1.0.tgz
70 info retry will retry, error on last attempt: Error: getaddrinfo ENOTFOUND
71 info attempt registry request try #2 at 18:02:41
72 http fetch GET http://registry.npmjs.org/protractor/-/protractor-2.1.0.tgz
73 info retry will retry, error on last attempt: Error: getaddrinfo ENOTFOUND
74 info attempt registry request try #3 at 18:03:50
75 http fetch GET http://registry.npmjs.org/protractor/-/protractor-2.1.0.tgz
76 error fetch failed http://registry.npmjs.org/protractor/-/protractor-2.1.0.tgz
77 verbose stack Error: getaddrinfo ENOTFOUND
77 verbose stack     at errnoException (dns.js:37:11)
77 verbose stack     at Object.onanswer [as oncomplete] (dns.js:124:16)
78 verbose cwd /home/vivian/Desktop/ng-book
79 error Linux 3.13.0-32-generic
80 error argv "node" "/usr/bin/npm" "install" "-g" "protractor"
81 error node v0.10.38
82 error npm  v2.13.1
83 error code ENOTFOUND
84 error errno ENOTFOUND
85 error syscall getaddrinfo
86 error network getaddrinfo ENOTFOUND
86 error network This is most likely not a problem with npm itself
86 error network and is related to network connectivity.
86 error network In most cases you are behind a proxy or have bad network settings.
86 error network
86 error network If you are behind a proxy, please make sure that the
86 error network 'proxy' config is set properly.  See: 'npm help config'
87 verbose exit [ 1, true ]
